<?xml version="1.0" encoding="UTF-8"?>
<testsuite name="AuthorizationTest" tests="5" skipped="0" failures="0" errors="0" timestamp="2020-04-28T15:11:02" hostname="PetrSedPC" time="0.042">
  <properties/>
  <testcase name="Then: Have access" classname="AuthorizationTest" time="0.019"/>
  <testcase name="Then: No access" classname="AuthorizationTest" time="0.007"/>
  <testcase name="Then: No access" classname="AuthorizationTest" time="0.005"/>
  <testcase name="Then: Have access" classname="AuthorizationTest" time="0.004"/>
  <testcase name="Then: No access" classname="AuthorizationTest" time="0.007"/>
  <system-out><![CDATA[]]></system-out>
  <system-err><![CDATA[]]></system-err>
</testsuite>
